[debug] [2025-02-03T21:52:20.844Z] ----------------------------------------------------------------------
[debug] [2025-02-03T21:52:20.851Z] Command:       C:\Program Files\nodejs\node.exe C:\Users\Joo\AppData\Roaming\npm\node_modules\firebase-tools\lib\bin\firebase.js init
[debug] [2025-02-03T21:52:20.852Z] CLI Version:   13.29.3
[debug] [2025-02-03T21:52:20.853Z] Platform:      win32
[debug] [2025-02-03T21:52:20.853Z] Node Version:  v20.17.0
[debug] [2025-02-03T21:52:20.853Z] Time:          Mon Feb 03 2025 23:52:20 GMT+0200 (Eastern European Standard Time)
[debug] [2025-02-03T21:52:20.854Z] ----------------------------------------------------------------------
[debug] 
[debug] [2025-02-03T21:52:20.872Z] > command requires scopes: ["email","openid","https://www.googleapis.com/auth/cloudplatformprojects.readonly","https://www.googleapis.com/auth/firebase","https://www.googleapis.com/auth/cloud-platform"]
[debug] [2025-02-03T21:52:20.873Z] > authorizing via signed-in user (devyoussef911@gmail.com)
[info] 
     ######## #### ########  ######## ########     ###     ######  ########
     ##        ##  ##     ## ##       ##     ##  ##   ##  ##       ##
     ######    ##  ########  ######   ########  #########  ######  ######
     ##        ##  ##    ##  ##       ##     ## ##     ##       ## ##
     ##       #### ##     ## ######## ########  ##     ##  ######  ########

You're about to initialize a Firebase project in this directory:

  C:\Users\Joo\Desktop\Bargain Trade

[info] 
=== Project Setup
[info] 
[info] First, let's associate this project directory with a Firebase project.
[info] You can create multiple project aliases by running firebase use --add, 
[info] but for now we'll just set up a default project.
[info] 
[debug] [2025-02-03T21:54:49.947Z] Checked if tokens are valid: true, expires at: 1738623106410
[debug] [2025-02-03T21:54:49.948Z] Checked if tokens are valid: true, expires at: 1738623106410
[debug] [2025-02-03T21:54:49.959Z] >>> [apiv2][query] GET https://firebase.googleapis.com/v1beta1/projects pageSize=100
[debug] [2025-02-03T21:54:50.677Z] <<< [apiv2][status] GET https://firebase.googleapis.com/v1beta1/projects 200
[debug] [2025-02-03T21:54:50.678Z] <<< [apiv2][body] GET https://firebase.googleapis.com/v1beta1/projects [omitted]
[info] i  Using project bargain-trade (Bargain Trade) 
[info] 
=== Hosting Setup
[debug] [2025-02-03T21:54:53.708Z] Checked if tokens are valid: true, expires at: 1738623106410
[debug] [2025-02-03T21:54:53.708Z] Checked if tokens are valid: true, expires at: 1738623106410
[debug] [2025-02-03T21:54:53.708Z] >>> [apiv2][query] GET https://firebase.googleapis.com/v1beta1/projects/bargain-trade [none]
[debug] [2025-02-03T21:54:54.024Z] <<< [apiv2][status] GET https://firebase.googleapis.com/v1beta1/projects/bargain-trade 200
[debug] [2025-02-03T21:54:54.024Z] <<< [apiv2][body] GET https://firebase.googleapis.com/v1beta1/projects/bargain-trade {"projectId":"bargain-trade","projectNumber":"890586127001","displayName":"Bargain Trade","name":"projects/bargain-trade","resources":{"hostingSite":"bargain-trade"},"state":"ACTIVE","etag":"1_470a8448-e27d-4c42-bc66-dfce6ad2a660"}
[info] 
[info] Your public directory is the folder (relative to your project directory) that
[info] will contain Hosting assets to be uploaded with firebase deploy. If you
[info] have a build process for your assets, use your build's output directory.
[info] 
[info] +  Wrote public/404.html 
[debug] [2025-02-03T21:55:51.380Z] >>> [apiv2][query] GET https://www.gstatic.com/firebasejs/releases.json [none]
[debug] [2025-02-03T21:55:51.690Z] <<< [apiv2][status] GET https://www.gstatic.com/firebasejs/releases.json 200
[debug] [2025-02-03T21:55:51.691Z] <<< [apiv2][body] GET https://www.gstatic.com/firebasejs/releases.json {"current":{"version":"11.2.0","browserURL":"https://www.gstatic.com/firebasejs/11.2.0/firebase.js","packageURL":"https://www.gstatic.com/firebasejs/11.2.0/firebase.tgz"},"live":{"version":"11.2","browserURL":"https://www.gstatic.com/firebasejs/live/11.2/firebase.js","packageURL":"https://www.gstatic.com/firebasejs/live/11.2/firebase.tgz"},"components":{"analytics":"https://www.gstatic.com/firebasejs/11.2.0/firebase-analytics.js","app":"https://www.gstatic.com/firebasejs/11.2.0/firebase-app.js","app-check":"https://www.gstatic.com/firebasejs/11.2.0/firebase-app-check.js","auth":"https://www.gstatic.com/firebasejs/11.2.0/firebase-auth.js","auth/cordova":"https://www.gstatic.com/firebasejs/11.2.0/firebase-auth/cordova.js","auth/web-extension":"https://www.gstatic.com/firebasejs/11.2.0/firebase-auth/web-extension.js","functions":"https://www.gstatic.com/firebasejs/11.2.0/firebase-functions.js","firestore":"https://www.gstatic.com/firebasejs/11.2.0/firebase-firestore.js","firestore/lite":"https://www.gstatic.com/firebasejs/11.2.0/firebase-firestore/lite.js","installations":"https://www.gstatic.com/firebasejs/11.2.0/firebase-installations.js","storage":"https://www.gstatic.com/firebasejs/11.2.0/firebase-storage.js","performance":"https://www.gstatic.com/firebasejs/11.2.0/firebase-performance.js","remote-config":"https://www.gstatic.com/firebasejs/11.2.0/firebase-remote-config.js","messaging":"https://www.gstatic.com/firebasejs/11.2.0/firebase-messaging.js","messaging/sw":"https://www.gstatic.com/firebasejs/11.2.0/firebase-messaging/sw.js","database":"https://www.gstatic.com/firebasejs/11.2.0/firebase-database.js","vertexai":"https://www.gstatic.com/firebasejs/11.2.0/firebase-vertexai.js","data-connect":"https://www.gstatic.com/firebasejs/11.2.0/firebase-data-connect.js","firestore.memory":"https://www.gstatic.com/firebasejs/11.2.0/firebase-firestore.memory.js"}}
[info] +  Wrote public/index.html 
[info] 
[info] i  Didn't detect a .git folder. Assuming C:\Users\Joo\Desktop\Bargain Trade is the project root. 
[info] i  Authorizing with GitHub to upload your service account to a GitHub repository's secrets store. 
[info] 
[info] Visit this URL on this device to log in:
[info] https://github.com/login/oauth/authorize?client_id=89cf50f02ac6aaed3484&state=637833882&redirect_uri=http%3A%2F%2Flocalhost%3A9005&scope=read%3Auser%20repo%20public_repo
[info] 
[info] Waiting for authentication...
[debug] [2025-02-03T21:56:15.311Z] >>> [apiv2][query] POST https://github.com/login/oauth/access_token [none]
[debug] [2025-02-03T21:56:15.311Z] >>> [apiv2][body] POST https://github.com/login/oauth/access_token [stream]
[debug] [2025-02-03T21:56:15.789Z] <<< [apiv2][status] POST https://github.com/login/oauth/access_token 200
[debug] [2025-02-03T21:56:15.790Z] <<< [apiv2][body] POST https://github.com/login/oauth/access_token {"access_token":"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","token_type":"bearer","scope":"read:user,repo"}
[debug] [2025-02-03T21:56:15.801Z] >>> [apiv2][query] GET https://api.github.com/user [none]
[debug] [2025-02-03T21:56:16.426Z] <<< [apiv2][status] GET https://api.github.com/user 200
[debug] [2025-02-03T21:56:16.427Z] <<< [apiv2][body] GET https://api.github.com/user {"login":"devyoussef911","id":181739938,"node_id":"U_kgDOCtUhog","avatar_url":"https://avatars.githubusercontent.com/u/181739938?v=4","gravatar_id":"","url":"https://api.github.com/users/devyoussef911","html_url":"https://github.com/devyoussef911","followers_url":"https://api.github.com/users/devyoussef911/followers","following_url":"https://api.github.com/users/devyoussef911/following{/other_user}","gists_url":"https://api.github.com/users/devyoussef911/gists{/gist_id}","starred_url":"https://api.github.com/users/devyoussef911/starred{/owner}{/repo}","subscriptions_url":"https://api.github.com/users/devyoussef911/subscriptions","organizations_url":"https://api.github.com/users/devyoussef911/orgs","repos_url":"https://api.github.com/users/devyoussef911/repos","events_url":"https://api.github.com/users/devyoussef911/events{/privacy}","received_events_url":"https://api.github.com/users/devyoussef911/received_events","type":"User","user_view_type":"private","site_admin":false,"name":null,"company":null,"blog":"","location":null,"email":null,"hireable":null,"bio":null,"twitter_username":null,"notification_email":null,"public_repos":1,"public_gists":0,"followers":0,"following":1,"created_at":"2024-09-16T12:56:54Z","updated_at":"2025-01-07T11:39:35Z","private_gists":0,"total_private_repos":1,"owned_private_repos":1,"disk_usage":4530,"collaborators":0,"two_factor_authentication":false,"plan":{"name":"free","space":976562499,"collaborators":0,"private_repos":10000}}
[info] 
[info] +  Success! Logged into GitHub as devyoussef911 
[info] 
